<?xml version="1.0" encoding="UTF-8"?>
<!-- Generated by org.testng.reporters.JUnitReportReporter -->
<testsuite skipped="0" hostname="DESKTOP-2EESR5Q" name="com.tv.ag.test.RCBTestCases" tests="2" failures="0" timestamp="11 Jul 2022 11:19:37 GMT" time="0.103" errors="0">
  <testcase name="verifyForeignPlayersExistence" time="0.054" classname="com.tv.ag.test.RCBTestCases"/>
  <testcase name="verifyWicketKeeperExistence" time="0.049" classname="com.tv.ag.test.RCBTestCases"/>
</testsuite> <!-- com.tv.ag.test.RCBTestCases -->
